src/app.ts(2,18): error TS2307: Cannot find module '@fastify/cors' or its corresponding type declarations.
src/app.ts(3,21): error TS2307: Cannot find module '@fastify/swagger' or its corresponding type declarations.
src/app.ts(4,23): error TS2307: Cannot find module '@fastify/swagger-ui' or its corresponding type declarations.
src/app.ts(5,72): error TS2307: Cannot find module 'fastify-type-provider-zod' or its corresponding type declarations.
src/modules/auth/auth.routes.ts(2,33): error TS2307: Cannot find module 'fastify-type-provider-zod' or its corresponding type declarations.
src/modules/auth/auth.routes.ts(3,19): error TS2307: Cannot find module 'zod' or its corresponding type declarations.
src/modules/auth/auth.routes.ts(8,18): error TS2347: Untyped function calls may not accept type arguments.
src/modules/auth/auth.routes.ts(22,12): error TS7006: Parameter 'request' implicitly has an 'any' type.
src/modules/auth/auth.routes.ts(22,21): error TS7006: Parameter 'reply' implicitly has an 'any' type.
src/modules/auth/auth.routes.ts(67,12): error TS7006: Parameter 'request' implicitly has an 'any' type.
src/modules/auth/auth.routes.ts(67,21): error TS7006: Parameter 'reply' implicitly has an 'any' type.
src/modules/auth/auth.schema.ts(1,19): error TS2307: Cannot find module 'zod' or its corresponding type declarations.
src/modules/entrepreneurship/entrepreneurship.routes.ts(2,33): error TS2307: Cannot find module 'fastify-type-provider-zod' or its corresponding type declarations.
src/modules/entrepreneurship/entrepreneurship.routes.ts(30,15): error TS2339: Property 'nombre' does not exist on type 'unknown'.
src/modules/entrepreneurship/entrepreneurship.routes.ts(30,23): error TS2339: Property 'descripcion' does not exist on type 'unknown'.
src/modules/entrepreneurship/entrepreneurship.routes.ts(30,36): error TS2339: Property 'categoriaId' does not exist on type 'unknown'.
src/modules/entrepreneurship/entrepreneurship.routes.ts(30,49): error TS2339: Property 'redesSociales' does not exist on type 'unknown'.
src/modules/entrepreneurship/entrepreneurship.schema.ts(1,19): error TS2307: Cannot find module 'zod' or its corresponding type declarations.
src/modules/products/products.routes.ts(2,33): error TS2307: Cannot find module 'fastify-type-provider-zod' or its corresponding type declarations.
src/modules/products/products.routes.ts(27,15): error TS2339: Property 'nombre' does not exist on type 'unknown'.
src/modules/products/products.routes.ts(27,23): error TS2339: Property 'descripcion' does not exist on type 'unknown'.
src/modules/products/products.routes.ts(27,36): error TS2339: Property 'precio' does not exist on type 'unknown'.
src/modules/products/products.routes.ts(27,44): error TS2339: Property 'emprendimientoId' does not exist on type 'unknown'.
src/modules/products/products.routes.ts(27,62): error TS2339: Property 'imagen' does not exist on type 'unknown'.
src/modules/products/products.routes.ts(32,29): error TS2345: Argument of type '404' is not assignable to parameter of type '201'.
src/modules/products/products.schema.ts(1,19): error TS2307: Cannot find module 'zod' or its corresponding type declarations.
